2012-11-14 23:44:27 Camera Restart
2012-11-14 23:44:27 Camera Restart
2012-11-14 23:29:27 Camera Restart
2012-11-14 22:23:27 Camera Restart
2012-11-14 23:26:53 admin login on 192.168.1.217
2012-11-14 22:23:27 Camera Restart
2012-11-14 22:23:27 Camera Restart
2012-11-14 22:23:26 Camera Restart
2012-11-14 04:32:27 Camera Restart
2012-11-15 08:11:56 Camera Restart (send powerdown msg to MCU)
2012-11-14 08:52:59 root login on 192.168.1.217
2012-11-14 08:42:23 admin login on 192.168.1.217
2012-11-14 08:12:11 admin login on 192.168.1.217
2012-11-14 07:12:17 admin login on 192.168.1.217
2012-11-14 04:32:26 Camera Restart
2012-11-14 03:27:20 admin login on 192.168.1.217
2012-11-14 03:21:27 Camera Restart
2012-11-14 03:23:09 admin login on 192.168.1.217
2012-11-14 03:21:27 Camera Restart
2012-11-14 04:37:30 admin login on 192.168.1.217
2012-11-14 03:21:27 Camera Restart
2012-11-14 03:21:27 Camera Restart
2012-11-14 03:21:27 Camera Restart
2012-11-14 03:21:27 Camera Restart
2012-11-14 03:21:27 Camera Restart
2012-11-14 03:21:27 Camera Restart
2012-11-14 03:21:27 Camera Restart
2012-11-14 03:21:26 Camera Restart
2012-11-14 03:21:27 Camera Restart
2012-11-14 03:21:27 Camera Restart
2012-11-14 03:21:27 Camera Restart
2012-11-14 03:21:27 Camera Restart
2012-11-14 03:21:27 Camera Restart
2012-11-14 03:21:27 Camera Restart
2012-11-14 03:21:27 Camera Restart
2012-11-14 03:21:26 Camera Restart
2012-11-14 03:21:27 Camera Restart
2012-11-14 03:21:27 Camera Restart
2012-11-14 03:21:27 Camera Restart
2012-11-14 03:21:27 Camera Restart
2012-11-14 03:21:27 Camera Restart
2012-11-14 03:21:27 Camera Restart
2012-11-14 03:21:27 Camera Restart
2012-11-14 03:21:27 Camera Restart
2012-11-14 03:21:27 Camera Restart
2012-11-14 03:21:27 Camera Restart
2012-11-14 03:21:27 Camera Restart
2012-11-14 03:21:27 Camera Restart
2012-11-14 03:21:27 Camera Restart
2012-11-14 03:21:27 Camera Restart
2012-11-14 03:21:27 Camera Restart
2012-11-14 03:21:27 Camera Restart
2012-11-14 03:21:27 Camera Restart
2012-11-14 03:21:27 Camera Restart
2012-11-14 03:21:27 Camera Restart
2012-11-14 03:21:27 Camera Restart
2012-11-14 03:21:27 Camera Restart
2012-11-14 03:21:27 Camera Restart
2012-11-14 03:21:27 Camera Restart
2012-11-14 03:21:27 Camera Restart
2012-11-14 03:21:27 Camera Restart
2012-11-14 03:21:27 Camera Restart
2012-11-14 03:21:27 Camera Restart
2012-11-14 03:21:27 Camera Restart
2012-11-14 03:21:27 Camera Restart
2012-11-14 03:21:25 Camera Restart
2012-11-14 03:24:38 admin login on 192.168.1.217
2012-11-14 03:21:26 Camera Restart
2012-11-14 03:21:25 Camera Restart
2012-11-14 03:21:26 Camera Restart
2012-11-14 03:21:25 Camera Restart
2012-11-14 03:21:25 Camera Restart
2012-11-14 03:21:26 Camera Restart
2012-11-14 03:21:26 Camera Restart
2012-11-14 03:21:25 Camera Restart
2012-11-14 03:08:26 Camera Restart
2012-11-14 01:32:26 Camera Restart
2012-11-13 19:40:26 Camera Restart
2012-11-13 19:40:26 Camera Restart
2012-11-13 19:40:25 Camera Restart
2012-11-13 19:31:26 Camera Restart
2012-11-13 19:22:25 Camera Restart
2012-11-13 18:31:25 Camera Restart
2012-11-13 18:31:26 Camera Restart
2012-11-13 18:31:25 Camera Restart
2012-11-13 02:45:26 Camera Restart
2012-11-13 02:45:25 Camera Restart
2012-11-13 01:20:26 Camera Restart
2012-11-13 01:20:25 Camera Restart
2012-11-13 01:20:27 Camera Restart
2012-11-13 01:28:24 Camera Restart (use reboot -f)
2012-11-13 01:20:25 Camera Restart
2012-11-12 07:35:26 Camera Restart
2012-11-12 07:35:26 Camera Restart
2012-11-12 07:35:26 Camera Restart
2012-11-12 07:35:25 Camera Restart
2012-11-12 07:35:25 Camera Restart
2012-11-12 07:35:25 Camera Restart
2012-11-12 07:35:26 Camera Restart
2012-11-12 07:35:26 Camera Restart
2012-11-12 07:35:26 Camera Restart
2012-11-12 07:35:26 Camera Restart
2012-11-12 07:35:26 Camera Restart
2012-11-12 07:35:26 Camera Restart
2012-11-12 07:35:26 Camera Restart
2012-11-12 07:35:25 Camera Restart
2012-11-12 07:35:25 Camera Restart
2012-11-12 07:35:26 Camera Restart
2012-11-12 07:35:26 Camera Restart
2012-11-12 07:35:26 Camera Restart
2012-11-12 07:35:25 Camera Restart
2012-11-12 07:35:26 Camera Restart
2012-11-12 07:35:27 Camera Restart
2012-11-12 07:35:27 Camera Restart
2012-11-12 07:35:27 Camera Restart
2012-11-12 07:35:27 Camera Restart
2012-11-12 07:35:26 Camera Restart
2012-11-12 05:16:27 Camera Restart
2012-11-12 05:16:27 Camera Restart
2012-11-12 05:16:27 Camera Restart
2012-11-12 05:16:27 Camera Restart
2012-11-12 05:16:27 Camera Restart
2012-11-12 05:14:27 Camera Restart
2012-11-12 05:09:27 Camera Restart
2012-11-12 05:09:27 Camera Restart
2012-11-12 05:09:26 Camera Restart
2012-11-12 05:09:26 Camera Restart
2012-11-12 05:09:24 Camera Restart
2012-11-12 02:10:24 Camera Restart
2012-11-12 02:10:25 Camera Restart
2012-11-12 02:10:25 Camera Restart
2012-11-12 02:10:25 Camera Restart
2012-11-11 22:16:25 Camera Restart
2012-11-10 00:42:25 Camera Restart
2012-11-09 23:53:25 Camera Restart
2012-11-09 23:17:53 admin login on 192.168.1.217
2012-11-09 23:17:25 Camera Restart
2012-11-09 20:51:03 admin login on 192.168.1.217
2012-11-09 19:05:25 Camera Restart
2012-11-09 19:05:25 Camera Restart
2012-11-09 20:01:33 admin login on 192.168.1.217
2012-11-09 19:05:25 Camera Restart
2012-11-09 19:05:25 Camera Restart
2012-11-09 19:05:25 Camera Restart
2012-11-09 19:05:24 Camera Restart
2012-11-09 19:05:24 Camera Restart
2012-11-09 19:05:25 Camera Restart
2012-11-09 17:23:25 Camera Restart
2012-11-09 13:41:25 Camera Restart
2012-11-09 13:41:25 Camera Restart
2012-11-09 13:41:24 Camera Restart
2012-11-09 13:41:25 Camera Restart
2012-11-09 13:41:25 Camera Restart
2012-11-09 13:41:24 Camera Restart
2012-11-09 13:39:20 Camera Restart
2012-11-09 13:39:18 Camera Restart
2012-11-09 13:39:20 Camera Restart
2012-11-09 13:39:19 Camera Restart
2012-11-09 13:39:20 Camera Restart
2012-11-09 13:43:15 admin login on 192.168.1.122
2012-11-09 13:39:20 Camera Restart
2012-11-09 13:39:19 Camera Restart
2012-11-09 13:39:19 Camera Restart
2012-11-09 13:39:19 Camera Restart
2012-11-09 13:39:20 Camera Restart
2012-11-09 13:39:19 Camera Restart
2012-11-09 13:39:20 Camera Restart
2012-11-09 13:39:20 Camera Restart
2012-11-09 13:16:19 Camera Restart
2012-11-09 13:16:19 Camera Restart
2012-11-09 13:16:20 Camera Restart
2012-11-09 13:16:20 Camera Restart
2012-11-09 13:16:20 Camera Restart
2012-11-09 13:16:20 Camera Restart
2012-11-09 13:16:21 Camera Restart
2012-11-09 13:16:22 Camera Restart
2012-11-09 13:16:23 Camera Restart
2012-11-09 13:16:29 Camera Restart
2012-11-09 13:16:23 Camera Restart
2012-11-09 13:16:23 Camera Restart
2012-11-09 13:16:22 Camera Restart
2012-11-09 13:11:23 Camera Restart
2012-11-09 13:08:23 Camera Restart
2012-11-09 13:08:23 Camera Restart
2012-11-09 13:08:23 Camera Restart
2012-11-09 13:06:30 Camera Restart£¡
2012-11-09 12:56:30 Camera Restart£¡
2012-11-09 12:56:30 Camera Restart£¡
2012-11-09 12:56:41 Camera Restart£¡
2012-11-09 12:54:30 Camera Restart£¡
2012-11-09 12:51:16 Camera Restartï¼
